Godot Engine v3.2.3.stable.official - https://godotengine.org
OpenGL ES 3.0 Renderer: Radeon RX 580 Series
 
[
Vector2(867, 293),
Vector2(1016.48999, 294.54599),
Vector2(1041.849976, 306.55899),
Vector2(1063.209961, 334.591003),
Vector2(1072.560059, 365.291992),
Vector2(1072.560059, 632.26001),
Vector2(1068.890015, 649.16803),
Vector2(1055.380005, 665.096985),
Vector2(1035.219971, 677.695984),
Vector2(1012.400024, 673.833984),
Vector2(802.122009, 525.447021),
Vector2(788.247009, 518.719971),
Vector2(773.531982, 516.197021),
Vector2(753.349976, 516.617981),
Vector2(737.79303, 521.663025),
Vector2(456.893005, 651.903015),
Vector2(433.70401, 661.416016),
Vector2(403.973999, 654.281006),
Vector2(390.451996, 637.598999),
Vector2(393.122009, 608.232971),
Vector2(413.487, 590.064026),
Vector2(570.255981, 525.216003),
Vector2(596.619019, 514.538025),
Vector2(602.960022, 501.188995),
Vector2(596.284973, 488.174988),
Vector2(570.255981, 486.506012),
Vector2(447.251007, 479.684998),
Vector2(437.112, 470.112),
Vector2(440.321991, 453.856995),
Vector2(548.952026, 303.802002),
Vector2(562.968018, 295.792999),
Vector2(582.322998, 291.121002),
Vector2(603.31897, 296.670013),
Vector2(618.669983, 312.687988),
Vector2(622.159973, 324.395996),
Vector2(645.612, 401.237),
Vector2(650.987, 409.487),
Vector2(656.487, 415.862),
Vector2(661.362, 420.237),
Vector2(667.112, 423.362),
Vector2(673.612, 424.987),
Vector2(919.093018, 442.19101),
Vector2(929.955994, 439.944),
Vector2(933.005005, 432.826996),
Vector2(932.203003, 426.833008),
Vector2(923.588013, 419.34201),
Vector2(787.616028, 392.372009),
Vector2(783.015991, 389.424988),
Vector2(781.676025, 382.632996),
Vector2(787.991028, 374.766998),
Vector2(796.231995, 374.766998),
Vector2(926.627014, 392.368011),
Vector2(933.773987, 390.054993),
Vector2(937.125977, 385.630005),
Vector2(936.507019, 379.753998),
Vector2(931.252014, 375.76001),
Vector2(691.872986, 304.658997),
Vector2(687.924988, 302.037994),
Vector2(685.612, 297.203003),
Vector2(688.765991, 293.419006),
Vector2(693.484985, 291.968994),
Vector2(867, 293),
]
**WARNING**: ObjectDB instances leaked at exit (run with --verbose for details).
   At: core/object.cpp:2135:cleanup() - ObjectDB instances leaked at exit (run with --verbose for details).
